生成启动时间为 2019/11/25 16:38:07。
     1>项目“D:\Bit Code\DS_Sort\DS_MergeSort\DS_MergeSort.vcxproj”在节点 2 上(Build 个目标)。
     1>ClCompile:
         C:\Program Files (x86)\Microsoft Visual Studio 12.0\VC\bin\CL.exe /c /ZI /nologo /W3 /WX- /sdl /Od /Oy- /D _MBCS /Gm /EHsc /RTC1 /MDd /GS /fp:precise /Zc:wchar_t /Zc:forScope /Fo"Debug\\" /Fd"Debug\vc120.pdb" /Gd /TC /analyze- /errorReport:prompt test.c
         test.c
     1>d:\bit code\ds_sort\ds_mergesort\test.c(45): warning C4047: “函数”:“int *”与“int”的间接级别不同
     1>d:\bit code\ds_sort\ds_mergesort\test.c(45): warning C4024: “Merge”: 形参和实参 1 的类型不同
     1>d:\bit code\ds_sort\ds_mergesort\test.c(45): warning C4024: “Merge”: 形参和实参 5 的类型不同
     1>d:\bit code\ds_sort\ds_mergesort\test.c(49): warning C4013: “malloc”未定义；假设外部返回 int
     1>d:\bit code\ds_sort\ds_mergesort\test.c(50): warning C4047: “函数”:“int”与“int *”的间接级别不同
     1>d:\bit code\ds_sort\ds_mergesort\test.c(50): warning C4024: “_MergeSort”: 形参和实参 1 的类型不同
     1>d:\bit code\ds_sort\ds_mergesort\test.c(50): warning C4024: “_MergeSort”: 形参和实参 4 的类型不同
     1>d:\bit code\ds_sort\ds_mergesort\test.c(51): warning C4013: “free”未定义；假设外部返回 int
     1>d:\bit code\ds_sort\ds_mergesort\test.c(56): warning C4013: “printf”未定义；假设外部返回 int
       Link:
         C:\Program Files (x86)\Microsoft Visual Studio 12.0\VC\bin\link.exe /ERRORREPORT:PROMPT /OUT:"D:\Bit Code\DS_Sort\Debug\DS_MergeSort.exe" /INCREMENTAL /NOLOGO kernel32.lib user32.lib gdi32.lib winspool.lib comdlg32.lib advapi32.lib shell32.lib ole32.lib oleaut32.lib uuid.lib odbc32.lib odbccp32.lib /MANIFEST /MANIFESTUAC:"level='asInvoker' uiAccess='false'" /manifest:embed /DEBUG /PDB:"D:\Bit Code\DS_Sort\Debug\DS_MergeSort.pdb" /SUBSYSTEM:CONSOLE /TLBID:1 /DYNAMICBASE /NXCOMPAT /IMPLIB:"D:\Bit Code\DS_Sort\Debug\DS_MergeSort.lib" /MACHINE:X86 Debug\test.obj
         DS_MergeSort.vcxproj -> D:\Bit Code\DS_Sort\Debug\DS_MergeSort.exe
     1>已完成生成项目“D:\Bit Code\DS_Sort\DS_MergeSort\DS_MergeSort.vcxproj”(Build 个目标)的操作。

生成成功。

已用时间 00:00:01.16
